{"C:\\Users\\AAHAN\\woorkspace\\FSD-2\\experiemnt6\\src\\components\\Form.jsx": {"path":"C:\\Users\\AAHAN\\woorkspace\\FSD-2\\experiemnt6\\src\\components\\Form.jsx","statementMap":{"0":{"start":{"line":2,"column":2},"end":{"line":11,"column":null}}},"fnMap":{"0":{"name":"Form","decl":{"start":{"line":1,"column":9},"end":{"line":1,"column":16}},"loc":{"start":{"line":1,"column":16},"end":{"line":13,"column":null}},"line":1}},"branchMap":{},"s":{"0":3},"f":{"0":3},"b":{},"meta":{"lastBranch":0,"lastFunction":1,"lastStatement":1,"seen":{"f:1:9:1:16":0,"s:2:2:11:Infinity":0}}}
}
